10-09 12:51:40 com_github_MitjaNemec_PlaceFootprints.action_place_footprints 405:Plugin executed on: 'win32'
10-09 12:51:40 com_github_MitjaNemec_PlaceFootprints.action_place_footprints 406:Plugin executed with python version: '3.9.16 (main, May 18 2023, 07:48:16) [MSC v.1936 64 bit (AMD64)]'
10-09 12:51:40 com_github_MitjaNemec_PlaceFootprints.action_place_footprints 407:KiCad build version: 7.0.5
10-09 12:51:40 com_github_MitjaNemec_PlaceFootprints.action_place_footprints 408:Plugin version: 2.0.3
10-09 12:51:40 com_github_MitjaNemec_PlaceFootprints.action_place_footprints 409:Frame repr: <wx._core.Frame object at 0x00000242BDF20430>
10-09 12:51:40 com_github_MitjaNemec_PlaceFootprints.place_footprints 121:getting a list of all footprints on board
10-09 12:51:40 com_github_MitjaNemec_PlaceFootprints.place_footprints 156:Footprint J10 on root level
10-09 12:51:40 com_github_MitjaNemec_PlaceFootprints.place_footprints 156:Footprint J9 on root level
10-09 12:51:40 com_github_MitjaNemec_PlaceFootprints.place_footprints 156:Footprint J8 on root level
10-09 12:51:40 com_github_MitjaNemec_PlaceFootprints.place_footprints 156:Footprint J7 on root level
10-09 12:51:40 com_github_MitjaNemec_PlaceFootprints.place_footprints 156:Footprint J6 on root level
10-09 12:51:40 com_github_MitjaNemec_PlaceFootprints.place_footprints 156:Footprint J5 on root level
10-09 12:51:40 com_github_MitjaNemec_PlaceFootprints.place_footprints 156:Footprint J4 on root level
10-09 12:51:40 com_github_MitjaNemec_PlaceFootprints.place_footprints 156:Footprint J3 on root level
10-09 12:51:40 com_github_MitjaNemec_PlaceFootprints.place_footprints 156:Footprint J2 on root level
10-09 12:51:40 com_github_MitjaNemec_PlaceFootprints.place_footprints 156:Footprint J1 on root level
10-09 12:51:40 com_github_MitjaNemec_PlaceFootprints.place_footprints 156:Footprint F2 on root level
10-09 12:51:40 com_github_MitjaNemec_PlaceFootprints.place_footprints 156:Footprint F1 on root level
10-09 12:51:49 com_github_MitjaNemec_PlaceFootprints.action_place_footprints 588:Reference designator is: C
10-09 12:51:49 com_github_MitjaNemec_PlaceFootprints.action_place_footprints 589:Reference number is: 96
10-09 12:51:49 com_github_MitjaNemec_PlaceFootprints.action_place_footprints 621:Sorted and filtered list:
['C1', 'C2', 'C3', 'C4', 'C5', 'C6', 'C7', 'C8', 'C9', 'C10', 'C11', 'C12', 'C13', 'C14', 'C15', 'C16', 'C17', 'C18', 'C19', 'C20', 'C21', 'C22', 'C23', 'C24', 'C25', 'C26', 'C27', 'C28', 'C29', 'C30', 'C31', 'C32', 'C33', 'C34', 'C35', 'C36', 'C37', 'C38', 'C39', 'C40', 'C41', 'C42', 'C43', 'C44', 'C45', 'C46', 'C47', 'C48', 'C49', 'C50', 'C51', 'C52', 'C53', 'C54', 'C55', 'C56', 'C57', 'C58', 'C59', 'C60', 'C61', 'C62', 'C63', 'C64', 'C65', 'C66', 'C67', 'C68', 'C69', 'C70', 'C71', 'C72', 'C73', 'C74', 'C75', 'C76', 'C77', 'C78', 'C79', 'C80', 'C81', 'C82', 'C83', 'C84', 'C85', 'C86', 'C87', 'C88', 'C89', 'C90', 'C91', 'C92', 'C93', 'C94', 'C95', 'C96', 'C97', 'C98', 'C99', 'C100', 'C101', 'C102', 'C103', 'C104', 'C105', 'C106', 'C107', 'C108', 'C109', 'C110', 'C111', 'C112', 'C113', 'C114', 'C115', 'C116', 'C117', 'C118', 'C119', 'C120', 'C121', 'C122', 'C123', 'C124', 'C125', 'C126', 'C127', 'C128', 'C129', 'C130', 'C131', 'C132', 'C133', 'C134', 'C135', 'C136', 'C137', 'C138', 'C139', 'C140', 'C141', 'C142', 'C143', 'C144', 'C145', 'C146']
