10-10 14:41:48 com_github_MitjaNemec_ReplicateLayout.action_replicate_layout 392:Plugin executed on: 'win32'
10-10 14:41:48 com_github_MitjaNemec_ReplicateLayout.action_replicate_layout 393:Plugin executed with python version: '3.9.16 (main, May 18 2023, 07:48:16) [MSC v.1936 64 bit (AMD64)]'
10-10 14:41:48 com_github_MitjaNemec_ReplicateLayout.action_replicate_layout 394:KiCad build version: 7.0.5
10-10 14:41:48 com_github_MitjaNemec_ReplicateLayout.action_replicate_layout 395:Plugin version: 2.1.3
10-10 14:41:48 com_github_MitjaNemec_ReplicateLayout.action_replicate_layout 396:Frame repr: <wx._core.Frame object at 0x0000024292EDE550>
10-10 14:41:48 com_github_MitjaNemec_ReplicateLayout.action_replicate_layout 420:Preparing replicator with U5 as a reference
10-10 14:41:48 com_github_MitjaNemec_ReplicateLayout.replicate_layout 117:getting a list of all footprints on board
10-10 14:41:48 com_github_MitjaNemec_ReplicateLayout.action_replicate_layout 468:source anchor footprint is 'U5'
Located on: ['Power Stage', 'Power Stage Half Bridge-']
With filenames: ['shimamp_PowerStage.kicad_sch', 'shimamp_HalfBridge.kicad_sch']
With sheet_id:['Power Stage', 'Power Stage Half Bridge-']
10-10 14:41:48 com_github_MitjaNemec_ReplicateLayout.action_replicate_layout 475:Corresponding footprints are 
[('U4', ['Power Stage', 'Power Stage Half Bridge+']), ('U5', ['Power Stage', 'Power Stage Half Bridge-'])]
10-10 14:41:48 com_github_MitjaNemec_ReplicateLayout.action_replicate_layout 487:Showing dialog
10-10 14:41:48 com_github_MitjaNemec_ReplicateLayout.replicate_layout 424:constructing a list of sheets suitable for replication on level:'Power Stage Half Bridge-', file:'shimamp_HalfBridge.kicad_sch'
10-10 14:41:48 com_github_MitjaNemec_ReplicateLayout.replicate_layout 461:suitable sheets are:[['Power Stage', 'Power Stage Half Bridge+']]
10-10 14:41:48 com_github_MitjaNemec_ReplicateLayout.replicate_layout 1464:Level selected: ['Power Stage', 'Power Stage Half Bridge-']
10-10 14:41:49 com_github_MitjaNemec_ReplicateLayout.replicate_layout 1299:Filtering list of tracks
10-10 14:41:49 com_github_MitjaNemec_ReplicateLayout.action_replicate_layout 493:Toolbar position: wx.Point(3802, 499)
10-10 14:41:49 com_github_MitjaNemec_ReplicateLayout.action_replicate_layout 498:Dialog position: wx.Point(3363, 499)
10-10 14:41:54 com_github_MitjaNemec_ReplicateLayout.replicate_layout 424:constructing a list of sheets suitable for replication on level:'Power Stage Half Bridge-', file:'shimamp_HalfBridge.kicad_sch'
10-10 14:41:54 com_github_MitjaNemec_ReplicateLayout.replicate_layout 461:suitable sheets are:[['Power Stage', 'Power Stage Half Bridge+']]
10-10 14:41:54 com_github_MitjaNemec_ReplicateLayout.action_replicate_layout 240:Replicating layout
10-10 14:41:54 com_github_MitjaNemec_ReplicateLayout.replicate_layout 240:Starting replication of sheets: [['Power Stage', 'Power Stage Half Bridge+']]
on level: ['Power Stage', 'Power Stage Half Bridge-']
with tracks=True, zone=True, text=True, text=True, intersecting=False, remove=True, locked footprints=False, group_only=False
10-10 14:41:54 root 332:updating GUI message: 'Preparing for replication'
10-10 14:41:54 root 337:updating GUI with: 0
10-10 14:41:54 com_github_MitjaNemec_ReplicateLayout.replicate_layout 310:Getting the list of source footprints
10-10 14:41:54 com_github_MitjaNemec_ReplicateLayout.replicate_layout 320:Getting the list of all the remaining footprints
10-10 14:41:54 com_github_MitjaNemec_ReplicateLayout.replicate_layout 327:Getting source tracks
10-10 14:41:54 com_github_MitjaNemec_ReplicateLayout.replicate_layout 1299:Filtering list of tracks
10-10 14:41:54 com_github_MitjaNemec_ReplicateLayout.replicate_layout 331:Getting source zones
10-10 14:41:54 root 337:updating GUI with: 50
10-10 14:41:54 com_github_MitjaNemec_ReplicateLayout.replicate_layout 335:Getting source text items
10-10 14:41:54 com_github_MitjaNemec_ReplicateLayout.replicate_layout 339:Getting source drawing items
10-10 14:41:54 com_github_MitjaNemec_ReplicateLayout.replicate_layout 272:Removing tracks and zones, before footprint placement
10-10 14:41:54 root 332:updating GUI message: 'Removing zones and tracks'
10-10 14:41:54 com_github_MitjaNemec_ReplicateLayout.replicate_layout 1245:Remove bounding box top:81625000, bottom:101005000, Left:107975000, Right:131175000
10-10 14:41:54 root 332:updating GUI message: 'Replicating footprints'
10-10 14:41:54 root 337:updating GUI with: 0
10-10 14:41:54 com_github_MitjaNemec_ReplicateLayout.replicate_layout 806:Replicating footprints
10-10 14:41:54 com_github_MitjaNemec_ReplicateLayout.replicate_layout 813:Replicating footprints on sheet ['Power Stage', 'Power Stage Half Bridge+']
10-10 14:41:54 com_github_MitjaNemec_ReplicateLayout.replicate_layout 280:Removing tracks and zones, after footprint placement
10-10 14:41:54 root 332:updating GUI message: 'Removing zones and tracks'
10-10 14:41:54 com_github_MitjaNemec_ReplicateLayout.replicate_layout 1245:Remove bounding box top:81625000, bottom:101005000, Left:107975000, Right:131155000
10-10 14:41:54 root 332:updating GUI message: 'Replicating tracks'
10-10 14:41:54 root 337:updating GUI with: 0
10-10 14:41:54 com_github_MitjaNemec_ReplicateLayout.replicate_layout 977:Replicating tracks
10-10 14:41:54 com_github_MitjaNemec_ReplicateLayout.replicate_layout 983:Replicating tracks on sheet ['Power Stage', 'Power Stage Half Bridge+']
10-10 14:41:54 com_github_MitjaNemec_ReplicateLayout.replicate_layout 766:Net pairs for sheet ['Power Stage', 'Power Stage Half Bridge+'] :[('V_{IN}', 'V_{IN}'), ('/Power Stage/Power Stage Half Bridge-/SW', '/Power Stage/Power Stage Half Bridge+/SW'), ('/ENABLE', '/ENABLE'), ('GND', 'GND'), ('/Power Stage/Power Stage Half Bridge-/PWM', '/Power Stage/Power Stage Half Bridge+/PWM'), ('Net-(U5-NC{slash}REFIN)', 'Net-(U4-NC{slash}REFIN)'), ('/FAULT', '/FAULT'), ('unconnected-(U5-NC{slash}IOUT-Pad1)', 'unconnected-(U4-NC{slash}IOUT-Pad1)'), ('Net-(C65-Pad1)', 'Net-(C42-Pad1)'), ('Net-(C64-Pad2)', 'Net-(C41-Pad2)'), ('+5V', '+5V'), ('Net-(U5-BOOTR)', 'Net-(U4-BOOTR)'), ('Net-(U5-NC{slash}PGND)', 'Net-(U4-NC{slash}PGND)'), ('Net-(U5-BOOT)', 'Net-(U4-BOOT)')]
10-10 14:41:54 root 332:updating GUI message: 'Replicating zones'
10-10 14:41:54 com_github_MitjaNemec_ReplicateLayout.replicate_layout 1047:Replicating zones
10-10 14:41:54 com_github_MitjaNemec_ReplicateLayout.replicate_layout 1054:Replicating zones on sheet ['Power Stage', 'Power Stage Half Bridge+']
10-10 14:41:54 com_github_MitjaNemec_ReplicateLayout.replicate_layout 766:Net pairs for sheet ['Power Stage', 'Power Stage Half Bridge+'] :[('V_{IN}', 'V_{IN}'), ('/Power Stage/Power Stage Half Bridge-/SW', '/Power Stage/Power Stage Half Bridge+/SW'), ('/ENABLE', '/ENABLE'), ('GND', 'GND'), ('/Power Stage/Power Stage Half Bridge-/PWM', '/Power Stage/Power Stage Half Bridge+/PWM'), ('Net-(U5-NC{slash}REFIN)', 'Net-(U4-NC{slash}REFIN)'), ('/FAULT', '/FAULT'), ('unconnected-(U5-NC{slash}IOUT-Pad1)', 'unconnected-(U4-NC{slash}IOUT-Pad1)'), ('Net-(C65-Pad1)', 'Net-(C42-Pad1)'), ('Net-(C64-Pad2)', 'Net-(C41-Pad2)'), ('+5V', '+5V'), ('Net-(U5-BOOTR)', 'Net-(U4-BOOTR)'), ('Net-(U5-NC{slash}PGND)', 'Net-(U4-NC{slash}PGND)'), ('Net-(U5-BOOT)', 'Net-(U4-BOOT)')]
10-10 14:41:54 root 332:updating GUI message: 'Replicating text'
10-10 14:41:54 com_github_MitjaNemec_ReplicateLayout.replicate_layout 1136:Replicating text
10-10 14:41:54 com_github_MitjaNemec_ReplicateLayout.replicate_layout 1143:Replicating text on sheet ['Power Stage', 'Power Stage Half Bridge+']
10-10 14:41:54 root 332:updating GUI message: 'Replicating drawings'
10-10 14:41:54 com_github_MitjaNemec_ReplicateLayout.replicate_layout 1187:Replicating drawings
10-10 14:41:54 com_github_MitjaNemec_ReplicateLayout.replicate_layout 1193:Replicating drawings on sheet ['Power Stage', 'Power Stage Half Bridge+']
10-10 14:41:54 root 332:updating GUI message: 'Removing duplicates'
10-10 14:41:56 com_github_MitjaNemec_ReplicateLayout.action_replicate_layout 256:Replication complete
