08-03 17:44:24 com_github_MitjaNemec_ReplicateLayout.action_replicate_layout 392:Plugin executed on: 'win32'
08-03 17:44:24 com_github_MitjaNemec_ReplicateLayout.action_replicate_layout 393:Plugin executed with python version: '3.9.16 (main, May 18 2023, 07:48:16) [MSC v.1936 64 bit (AMD64)]'
08-03 17:44:24 com_github_MitjaNemec_ReplicateLayout.action_replicate_layout 394:KiCad build version: 7.0.5
08-03 17:44:24 com_github_MitjaNemec_ReplicateLayout.action_replicate_layout 395:Plugin version: 2.1.3
08-03 17:44:24 com_github_MitjaNemec_ReplicateLayout.action_replicate_layout 396:Frame repr: <wx._core.Frame object at 0x00000286A485EC10>
08-03 17:44:24 com_github_MitjaNemec_ReplicateLayout.action_replicate_layout 420:Preparing replicator with L6 as a reference
08-03 17:44:24 com_github_MitjaNemec_ReplicateLayout.replicate_layout 117:getting a list of all footprints on board
08-03 17:44:24 com_github_MitjaNemec_ReplicateLayout.action_replicate_layout 468:source anchor footprint is 'L6'
Located on: ['Output Filter', 'Output Filter-']
With filenames: ['D:\\Dropbox (MIT)\\Dropbox (MIT)\\ishaan_meng_2023\\03 - Hardware Design Prototypes\\Class-D Prototype revA\\shimamp_OutputFilter.kicad_sch', 'D:\\Dropbox (MIT)\\Dropbox (MIT)\\ishaan_meng_2023\\03 - Hardware Design Prototypes\\Class-D Prototype revA\\shimamp_OutputFilterHalf.kicad_sch']
With sheet_id:['Output Filter', 'Output Filter-']
08-03 17:44:24 com_github_MitjaNemec_ReplicateLayout.action_replicate_layout 475:Corresponding footprints are 
[('L6', ['Output Filter', 'Output Filter-']), ('L2', ['Output Filter', 'Output Filter+'])]
08-03 17:44:24 com_github_MitjaNemec_ReplicateLayout.action_replicate_layout 487:Showing dialog
08-03 17:44:24 com_github_MitjaNemec_ReplicateLayout.replicate_layout 424:constructing a list of sheets suitable for replication on level:'Output Filter-', file:'D:\\Dropbox (MIT)\\Dropbox (MIT)\\ishaan_meng_2023\\03 - Hardware Design Prototypes\\Class-D Prototype revA\\shimamp_OutputFilterHalf.kicad_sch'
08-03 17:44:24 com_github_MitjaNemec_ReplicateLayout.replicate_layout 461:suitable sheets are:[['Output Filter', 'Output Filter+']]
08-03 17:44:24 com_github_MitjaNemec_ReplicateLayout.replicate_layout 1464:Level selected: ['Output Filter', 'Output Filter-']
08-03 17:44:24 com_github_MitjaNemec_ReplicateLayout.replicate_layout 1299:Filtering list of tracks
08-03 17:44:25 com_github_MitjaNemec_ReplicateLayout.action_replicate_layout 493:Toolbar position: wx.Point(1883, 80)
08-03 17:44:25 com_github_MitjaNemec_ReplicateLayout.action_replicate_layout 498:Dialog position: wx.Point(1444, 80)
08-03 17:44:27 com_github_MitjaNemec_ReplicateLayout.replicate_layout 424:constructing a list of sheets suitable for replication on level:'Output Filter-', file:'D:\\Dropbox (MIT)\\Dropbox (MIT)\\ishaan_meng_2023\\03 - Hardware Design Prototypes\\Class-D Prototype revA\\shimamp_OutputFilterHalf.kicad_sch'
08-03 17:44:27 com_github_MitjaNemec_ReplicateLayout.replicate_layout 461:suitable sheets are:[['Output Filter', 'Output Filter+']]
08-03 17:44:27 com_github_MitjaNemec_ReplicateLayout.action_replicate_layout 240:Replicating layout
08-03 17:44:27 com_github_MitjaNemec_ReplicateLayout.replicate_layout 240:Starting replication of sheets: [['Output Filter', 'Output Filter+']]
on level: ['Output Filter', 'Output Filter-']
with tracks=True, zone=True, text=True, text=True, intersecting=False, remove=False, locked footprints=False, group_only=False
08-03 17:44:27 root 332:updating GUI message: 'Preparing for replication'
08-03 17:44:27 root 337:updating GUI with: 0
08-03 17:44:27 com_github_MitjaNemec_ReplicateLayout.replicate_layout 310:Getting the list of source footprints
08-03 17:44:27 com_github_MitjaNemec_ReplicateLayout.replicate_layout 320:Getting the list of all the remaining footprints
08-03 17:44:27 com_github_MitjaNemec_ReplicateLayout.replicate_layout 327:Getting source tracks
08-03 17:44:27 com_github_MitjaNemec_ReplicateLayout.replicate_layout 1299:Filtering list of tracks
08-03 17:44:27 com_github_MitjaNemec_ReplicateLayout.replicate_layout 331:Getting source zones
08-03 17:44:27 root 337:updating GUI with: 50
08-03 17:44:27 com_github_MitjaNemec_ReplicateLayout.replicate_layout 335:Getting source text items
08-03 17:44:27 com_github_MitjaNemec_ReplicateLayout.replicate_layout 339:Getting source drawing items
08-03 17:44:27 root 332:updating GUI message: 'Replicating footprints'
08-03 17:44:27 com_github_MitjaNemec_ReplicateLayout.replicate_layout 806:Replicating footprints
08-03 17:44:27 com_github_MitjaNemec_ReplicateLayout.replicate_layout 813:Replicating footprints on sheet ['Output Filter', 'Output Filter+']
08-03 17:44:27 root 337:updating GUI with: 29
08-03 17:44:27 root 332:updating GUI message: 'Replicating tracks'
08-03 17:44:27 com_github_MitjaNemec_ReplicateLayout.replicate_layout 977:Replicating tracks
08-03 17:44:27 com_github_MitjaNemec_ReplicateLayout.replicate_layout 983:Replicating tracks on sheet ['Output Filter', 'Output Filter+']
08-03 17:44:27 com_github_MitjaNemec_ReplicateLayout.replicate_layout 766:Net pairs for sheet ['Output Filter', 'Output Filter+'] :[('Net-(L9-Pad1)', 'Net-(L5-Pad1)'), ('/Output Filter/Output Filter-/FILT_MID', '/Output Filter/Output Filter+/FILT_MID'), ('unconnected-(L7-1-Pad3)', 'unconnected-(L3-1-Pad3)'), ('GND', 'GND'), ('unconnected-(L6-1-Pad3)', 'unconnected-(L2-1-Pad3)'), ('/Output Sensor/IN-', '/Output Sensor/IN+'), ('/Power Stage/Power Stage Half Bridge-/SW', '/Power Stage/Power Stage Half Bridge+/SW'), ('Net-(L6-Pad1)', 'Net-(L2-Pad1)')]
08-03 17:44:27 root 332:updating GUI message: 'Replicating zones'
08-03 17:44:27 root 337:updating GUI with: 0
08-03 17:44:27 com_github_MitjaNemec_ReplicateLayout.replicate_layout 1047:Replicating zones
08-03 17:44:27 com_github_MitjaNemec_ReplicateLayout.replicate_layout 1054:Replicating zones on sheet ['Output Filter', 'Output Filter+']
08-03 17:44:27 com_github_MitjaNemec_ReplicateLayout.replicate_layout 766:Net pairs for sheet ['Output Filter', 'Output Filter+'] :[('Net-(L9-Pad1)', 'Net-(L5-Pad1)'), ('/Output Filter/Output Filter-/FILT_MID', '/Output Filter/Output Filter+/FILT_MID'), ('unconnected-(L7-1-Pad3)', 'unconnected-(L3-1-Pad3)'), ('GND', 'GND'), ('unconnected-(L6-1-Pad3)', 'unconnected-(L2-1-Pad3)'), ('/Output Sensor/IN-', '/Output Sensor/IN+'), ('/Power Stage/Power Stage Half Bridge-/SW', '/Power Stage/Power Stage Half Bridge+/SW'), ('Net-(L6-Pad1)', 'Net-(L2-Pad1)')]
08-03 17:44:27 root 337:updating GUI with: 50
08-03 17:44:27 root 332:updating GUI message: 'Replicating text'
08-03 17:44:27 com_github_MitjaNemec_ReplicateLayout.replicate_layout 1136:Replicating text
08-03 17:44:27 com_github_MitjaNemec_ReplicateLayout.replicate_layout 1143:Replicating text on sheet ['Output Filter', 'Output Filter+']
08-03 17:44:27 root 332:updating GUI message: 'Replicating drawings'
08-03 17:44:27 com_github_MitjaNemec_ReplicateLayout.replicate_layout 1187:Replicating drawings
08-03 17:44:27 com_github_MitjaNemec_ReplicateLayout.replicate_layout 1193:Replicating drawings on sheet ['Output Filter', 'Output Filter+']
08-03 17:44:27 root 332:updating GUI message: 'Removing duplicates'
08-03 17:44:28 com_github_MitjaNemec_ReplicateLayout.action_replicate_layout 256:Replication complete
